Using pre-set license
Built from '2021.3/staging' branch; Version is '2021.3.19f1 (c9714fde33b6) revision 13201743'; Using compiler version '192829333'; Build Type 'Release'
OS: 'Windows 11  (10.0.22621) 64bit Core' Language: 'en' Physical Memory: 16215 MB
BatchMode: 1, IsHumanControllingUs: 0, StartBugReporterOnCrash: 0, Is64bit: 1, IsPro: 1

COMMAND LINE ARGUMENTS:
C:\Program Files\Unity 2021.3.19f1\Editor\Unity.exe
-adb2
-batchMode
-noUpm
-name
AssetImportWorker0
-projectPath
C:/Users/Fanaar Rashid/Documents/Repositories/Applied Game Design/Applied-Game-Design/Applied-Game-Design
-logFile
Logs/AssetImportWorker0.log
-srvPort
57478
Successfully changed project path to: C:/Users/Fanaar Rashid/Documents/Repositories/Applied Game Design/Applied-Game-Design/Applied-Game-Design
C:/Users/Fanaar Rashid/Documents/Repositories/Applied Game Design/Applied-Game-Design/Applied-Game-Design
[UnityMemory] Configuration Parameters - Can be set up in boot.config
    "memorysetup-bucket-allocator-granularity=16"
    "memorysetup-bucket-allocator-bucket-count=8"
    "memorysetup-bucket-allocator-block-size=33554432"
    "memorysetup-bucket-allocator-block-count=8"
    "memorysetup-main-allocator-block-size=16777216"
    "memorysetup-thread-allocator-block-size=16777216"
    "memorysetup-gfx-main-allocator-block-size=16777216"
    "memorysetup-gfx-thread-allocator-block-size=16777216"
    "memorysetup-cache-allocator-block-size=4194304"
    "memorysetup-typetree-allocator-block-size=2097152"
    "memorysetup-profiler-bucket-allocator-granularity=16"
    "memorysetup-profiler-bucket-allocator-bucket-count=8"
    "memorysetup-profiler-bucket-allocator-block-size=33554432"
    "memorysetup-profiler-bucket-allocator-block-count=8"
    "memorysetup-profiler-allocator-block-size=16777216"
    "memorysetup-profiler-editor-allocator-block-size=1048576"
    "memorysetup-temp-allocator-size-main=16777216"
    "memorysetup-job-temp-allocator-block-size=2097152"
    "memorysetup-job-temp-allocator-block-size-background=1048576"
    "memorysetup-job-temp-allocator-reduction-small-platforms=262144"
    "memorysetup-temp-allocator-size-background-worker=32768"
    "memorysetup-temp-allocator-size-job-worker=262144"
    "memorysetup-temp-allocator-size-preload-manager=33554432"
    "memorysetup-temp-allocator-size-nav-mesh-worker=65536"
    "memorysetup-temp-allocator-size-audio-worker=65536"
    "memorysetup-temp-allocator-size-cloud-worker=32768"
    "memorysetup-temp-allocator-size-gi-baking-worker=262144"
    "memorysetup-temp-allocator-size-gfx=262144"
Player connection [19996] Host "[IP] 192.168.2.32 [Port] 0 [Flags] 2 [Guid] 244137690 [EditorId] 244137690 [Version] 1048832 [Id] WindowsEditor(7,LAPTOP-QPM5P072) [Debug] 1 [PackageName] WindowsEditor [ProjectName] Editor" joined multi-casting on [225.0.0.222:54997]...

Player connection [19996] Host "[IP] 192.168.2.32 [Port] 0 [Flags] 2 [Guid] 244137690 [EditorId] 244137690 [Version] 1048832 [Id] WindowsEditor(7,LAPTOP-QPM5P072) [Debug] 1 [PackageName] WindowsEditor [ProjectName] Editor" joined alternative multi-casting on [225.0.0.222:34997]...

Refreshing native plugins compatible for Editor in 159.25 ms, found 4 plugins.
Preloading 0 native plugins for Editor in 0.00 ms.
Initialize engine version: 2021.3.19f1 (c9714fde33b6)
[Subsystems] Discovering subsystems at path C:/Program Files/Unity 2021.3.19f1/Editor/Data/Resources/UnitySubsystems
[Subsystems] Discovering subsystems at path C:/Users/Fanaar Rashid/Documents/Repositories/Applied Game Design/Applied-Game-Design/Applied-Game-Design/Assets
GfxDevice: creating device client; threaded=0; jobified=0
Direct3D:
    Version:  Direct3D 11.0 [level 11.1]
    Renderer: NVIDIA GeForce GTX 1650 Ti (ID=0x1f95)
    Vendor:   NVIDIA
    VRAM:     3962 MB
    Driver:   27.21.14.5167
Initialize mono
Mono path[0] = 'C:/Program Files/Unity 2021.3.19f1/Editor/Data/Managed'
Mono path[1] = 'C:/Program Files/Unity 2021.3.19f1/Editor/Data/MonoBleedingEdge/lib/mono/unityjit-win32'
Mono config path = 'C:/Program Files/Unity 2021.3.19f1/Editor/Data/MonoBleedingEdge/etc'
Using monoOptions --debugger-agent=transport=dt_socket,embedding=1,server=y,suspend=n,address=127.0.0.1:56788
Begin MonoManager ReloadAssembly
Registering precompiled unity dll's ...
Register platform support module: C:/Program Files/Unity 2021.3.19f1/Editor/Data/PlaybackEngines/WindowsStandaloneSupport/UnityEditor.WindowsStandalone.Extensions.dll
Registered in 0.006019 seconds.
Native extension for WindowsStandalone target not found
Refreshing native plugins compatible for Editor in 160.14 ms, found 4 plugins.
Preloading 0 native plugins for Editor in 0.00 ms.
Mono: successfully reloaded assembly
- Completed reload, in  0.767 seconds
Domain Reload Profiling:
	ReloadAssembly (768ms)
		BeginReloadAssembly (80ms)
			ExecutionOrderSort (0ms)
			DisableScriptedObjects (0ms)
			BackupInstance (0ms)
			ReleaseScriptingObjects (0ms)
			CreateAndSetChildDomain (1ms)
		EndReloadAssembly (571ms)
			LoadAssemblies (78ms)
			RebuildTransferFunctionScriptingTraits (0ms)
			SetupTypeCache (115ms)
			ReleaseScriptCaches (0ms)
			RebuildScriptCaches (28ms)
			SetupLoadedEditorAssemblies (368ms)
				LogAssemblyErrors (0ms)
				InitializePlatformSupportModulesInManaged (8ms)
				SetLoadedEditorAssemblies (0ms)
				RefreshPlugins (160ms)
				BeforeProcessingInitializeOnLoad (1ms)
				ProcessInitializeOnLoadAttributes (147ms)
				ProcessInitializeOnLoadMethodAttributes (51ms)
				AfterProcessingInitializeOnLoad (0ms)
				EditorAssembliesLoaded (0ms)
			ExecutionOrderSort2 (0ms)
			AwakeInstancesAfterBackupRestoration (0ms)
Platform modules already initialized, skipping
Registering precompiled user dll's ...
Registered in 0.009833 seconds.
Begin MonoManager ReloadAssembly
Symbol file LoadedFromMemory doesn't match image C:\Users\Fanaar Rashid\Documents\Repositories\Applied Game Design\Applied-Game-Design\Applied-Game-Design\Library\PackageCache\com.unity.visualscripting@1.8.0\Editor\VisualScripting.Core\Dependencies\DotNetZip\Unity.VisualScripting.IonicZip.dll
Symbol file LoadedFromMemory doesn't match image C:\Users\Fanaar Rashid\Documents\Repositories\Applied Game Design\Applied-Game-Design\Applied-Game-Design\Library\PackageCache\com.unity.visualscripting@1.8.0\Editor\VisualScripting.Core\Dependencies\YamlDotNet\Unity.VisualScripting.YamlDotNet.dll
Native extension for WindowsStandalone target not found
Refreshing native plugins compatible for Editor in 161.89 ms, found 4 plugins.
Preloading 0 native plugins for Editor in 0.00 ms.
Mono: successfully reloaded assembly
- Completed reload, in  1.718 seconds
Domain Reload Profiling:
	ReloadAssembly (1719ms)
		BeginReloadAssembly (111ms)
			ExecutionOrderSort (0ms)
			DisableScriptedObjects (6ms)
			BackupInstance (0ms)
			ReleaseScriptingObjects (0ms)
			CreateAndSetChildDomain (17ms)
		EndReloadAssembly (1481ms)
			LoadAssemblies (112ms)
			RebuildTransferFunctionScriptingTraits (0ms)
			SetupTypeCache (351ms)
			ReleaseScriptCaches (1ms)
			RebuildScriptCaches (85ms)
			SetupLoadedEditorAssemblies (889ms)
				LogAssemblyErrors (0ms)
				InitializePlatformSupportModulesInManaged (3ms)
				SetLoadedEditorAssemblies (0ms)
				RefreshPlugins (162ms)
				BeforeProcessingInitializeOnLoad (165ms)
				ProcessInitializeOnLoadAttributes (368ms)
				ProcessInitializeOnLoadMethodAttributes (185ms)
				AfterProcessingInitializeOnLoad (6ms)
				EditorAssembliesLoaded (0ms)
			ExecutionOrderSort2 (0ms)
			AwakeInstancesAfterBackupRestoration (5ms)
Platform modules already initialized, skipping
========================================================================
Worker process is ready to serve import requests
Launched and connected shader compiler UnityShaderCompiler.exe after 0.05 seconds
Refreshing native plugins compatible for Editor in 1.23 ms, found 4 plugins.
Preloading 0 native plugins for Editor in 0.00 ms.
Unloading 6638 Unused Serialized files (Serialized files now loaded: 0)
Unloading 96 unused Assets / (0.8 MB). Loaded Objects now: 7056.
Memory consumption went from 258.5 MB to 257.7 MB.
Total: 7.131700 ms (FindLiveObjects: 0.489100 ms CreateObjectMapping: 0.537600 ms MarkObjects: 5.795700 ms  DeleteObjects: 0.307900 ms)

AssetImportParameters requested are different than current active one (requested -> active):
  custom:video-decoder-ogg-theora: a1e56fd34408186e4bbccfd4996cb3dc -> 
  custom:container-muxer-webm: aa71ff27fc2769a1b78a27578f13a17b -> 
  custom:container-demuxer-webm: 4f35f7cbe854078d1ac9338744f61a02 -> 
  custom:video-encoder-webm-vp8: eb34c28f22e8b96e1ab97ce403110664 -> 
  custom:audio-encoder-webm-vorbis: bf7c407c2cedff20999df2af8eb42d56 -> 
  custom:framework-win-MediaFoundation: 216162199b28c13a410421893ffa2e32 -> 
  custom:container-demuxer-ogg: 62fdf1f143b41e24485cea50d1cbac27 -> 
  custom:video-decoder-webm-vp8: 9c59270c3fd7afecdb556c50c9e8de78 -> 
  custom:audio-decoder-ogg-vorbis: bf7c407c2cedff20999df2af8eb42d56 -> 
========================================================================
Received Import Request.
  Time since last request: 152011.823276 seconds.
  path: Assets/Fanaar/Fanaar Assets/1 Tiles/Tile_43.png
  artifactKey: Guid(7436cf14fc0c87346aa72484ac8136be) Importer(815301076,1909f56bfc062723c751e8b465ee728b)
Start importing Assets/Fanaar/Fanaar Assets/1 Tiles/Tile_43.png using Guid(7436cf14fc0c87346aa72484ac8136be) Importer(815301076,1909f56bfc062723c751e8b465ee728b)  -> (artifact id: 'b0c1142cacafccc19b5cd33ad80bc7be') in 0.108575 seconds 
========================================================================
Received Import Request.
  Time since last request: 0.000022 seconds.
  path: Assets/Fanaar/Fanaar Assets/1 Tiles/Tile_11.png
  artifactKey: Guid(6d7b7ceb0c17e0343bd6ca8cc58f7639) Importer(815301076,1909f56bfc062723c751e8b465ee728b)
Start importing Assets/Fanaar/Fanaar Assets/1 Tiles/Tile_11.png using Guid(6d7b7ceb0c17e0343bd6ca8cc58f7639) Importer(815301076,1909f56bfc062723c751e8b465ee728b)  -> (artifact id: '3323c0facc914938a08e65174adbd511') in 0.018667 seconds 
========================================================================
Received Import Request.
  Time since last request: 0.000023 seconds.
  path: Assets/Fanaar/Fanaar Assets/1 Tiles/Tile_08.png
  artifactKey: Guid(518afd3aee445044082cab62b43f5019) Importer(815301076,1909f56bfc062723c751e8b465ee728b)
Start importing Assets/Fanaar/Fanaar Assets/1 Tiles/Tile_08.png using Guid(518afd3aee445044082cab62b43f5019) Importer(815301076,1909f56bfc062723c751e8b465ee728b)  -> (artifact id: 'e0ebb76c9d9ba58a9547aa7f20b01bb7') in 0.020653 seconds 
========================================================================
Received Import Request.
  Time since last request: 0.000027 seconds.
  path: Assets/Fanaar/Fanaar Assets/1 Tiles/Tile_23.png
  artifactKey: Guid(fa30fbbc189c11a43a5d19e75d96f888) Importer(815301076,1909f56bfc062723c751e8b465ee728b)
Start importing Assets/Fanaar/Fanaar Assets/1 Tiles/Tile_23.png using Guid(fa30fbbc189c11a43a5d19e75d96f888) Importer(815301076,1909f56bfc062723c751e8b465ee728b)  -> (artifact id: '30bc9f620936f5742e1c59151ffaead3') in 0.020618 seconds 
========================================================================
Received Import Request.
  Time since last request: 0.000028 seconds.
  path: Assets/Fanaar/Fanaar Assets/1 Tiles/Tile_40.png
  artifactKey: Guid(993a426f3dd43eb46a2f20b63fad71f4) Importer(815301076,1909f56bfc062723c751e8b465ee728b)
Start importing Assets/Fanaar/Fanaar Assets/1 Tiles/Tile_40.png using Guid(993a426f3dd43eb46a2f20b63fad71f4) Importer(815301076,1909f56bfc062723c751e8b465ee728b)  -> (artifact id: 'f15be0578bd57758d16bf9eea6bc96e3') in 0.026032 seconds 
========================================================================
Received Import Request.
  Time since last request: 0.000029 seconds.
  path: Assets/Fanaar/Fanaar Assets/1 Tiles/Tile_16.png
  artifactKey: Guid(300bb0dd3fad6a44ca0c6ce50a3283a8) Importer(815301076,1909f56bfc062723c751e8b465ee728b)
Start importing Assets/Fanaar/Fanaar Assets/1 Tiles/Tile_16.png using Guid(300bb0dd3fad6a44ca0c6ce50a3283a8) Importer(815301076,1909f56bfc062723c751e8b465ee728b)  -> (artifact id: 'acd60bcb9ea75f87563e7607cfd3ad49') in 0.024138 seconds 
========================================================================
Received Import Request.
  Time since last request: 0.000021 seconds.
  path: Assets/Fanaar/Fanaar Assets/1 Tiles/Tile_44.png
  artifactKey: Guid(17a354454e2c3c94dadfcb34e26dfb4f) Importer(815301076,1909f56bfc062723c751e8b465ee728b)
Start importing Assets/Fanaar/Fanaar Assets/1 Tiles/Tile_44.png using Guid(17a354454e2c3c94dadfcb34e26dfb4f) Importer(815301076,1909f56bfc062723c751e8b465ee728b)  -> (artifact id: 'c7647024f7aacc33ac2f3f8c600167fc') in 0.027501 seconds 
========================================================================
Received Import Request.
  Time since last request: 0.000022 seconds.
  path: Assets/Fanaar/Fanaar Assets/1 Tiles/Tile_10.png
  artifactKey: Guid(9951563039639e14eb6b0cd94a08521b) Importer(815301076,1909f56bfc062723c751e8b465ee728b)
Start importing Assets/Fanaar/Fanaar Assets/1 Tiles/Tile_10.png using Guid(9951563039639e14eb6b0cd94a08521b) Importer(815301076,1909f56bfc062723c751e8b465ee728b)  -> (artifact id: '19792bb9f026e9c8c343d24505dbce93') in 0.016035 seconds 
========================================================================
Received Import Request.
  Time since last request: 0.000024 seconds.
  path: Assets/Fanaar/Fanaar Assets/1 Tiles/Tile_42.png
  artifactKey: Guid(45a787590f52e534c85e3f8eecd72e1e) Importer(815301076,1909f56bfc062723c751e8b465ee728b)
Start importing Assets/Fanaar/Fanaar Assets/1 Tiles/Tile_42.png using Guid(45a787590f52e534c85e3f8eecd72e1e) Importer(815301076,1909f56bfc062723c751e8b465ee728b)  -> (artifact id: '9af8893f0ff4dfa8a328f0afc8ffc1c5') in 0.018555 seconds 
========================================================================
Received Import Request.
  Time since last request: 0.000042 seconds.
  path: Assets/Fanaar/Fanaar Assets/1 Tiles/Tile_37.png
  artifactKey: Guid(441c27962ee66c241bf4349de1b147a6) Importer(815301076,1909f56bfc062723c751e8b465ee728b)
Start importing Assets/Fanaar/Fanaar Assets/1 Tiles/Tile_37.png using Guid(441c27962ee66c241bf4349de1b147a6) Importer(815301076,1909f56bfc062723c751e8b465ee728b)  -> (artifact id: 'abeae1f71752ba044ca5c2296cb35377') in 0.018077 seconds 
========================================================================
Received Import Request.
  Time since last request: 0.000023 seconds.
  path: Assets/Fanaar/Fanaar Assets/1 Tiles/Tile_04.png
  artifactKey: Guid(96aa04d03fa464a4f982dae2fdca688c) Importer(815301076,1909f56bfc062723c751e8b465ee728b)
Start importing Assets/Fanaar/Fanaar Assets/1 Tiles/Tile_04.png using Guid(96aa04d03fa464a4f982dae2fdca688c) Importer(815301076,1909f56bfc062723c751e8b465ee728b)  -> (artifact id: '7835d6bf556469a9ccaf40f315e1ffa7') in 0.021992 seconds 
========================================================================
Received Import Request.
  Time since last request: 0.000022 seconds.
  path: Assets/Fanaar/Fanaar Assets/1 Tiles/Tile_07.png
  artifactKey: Guid(f413d8f074e26ca4f8d5bfb05c7bc248) Importer(815301076,1909f56bfc062723c751e8b465ee728b)
Start importing Assets/Fanaar/Fanaar Assets/1 Tiles/Tile_07.png using Guid(f413d8f074e26ca4f8d5bfb05c7bc248) Importer(815301076,1909f56bfc062723c751e8b465ee728b)  -> (artifact id: 'f3d696da0681b802602e8c7b9a30cbfd') in 0.018722 seconds 
========================================================================
Received Import Request.
  Time since last request: 0.000023 seconds.
  path: Assets/Fanaar/Fanaar Assets/1 Tiles/Tile_24.png
  artifactKey: Guid(6cfd4e841a979bf4193f52d9219b6777) Importer(815301076,1909f56bfc062723c751e8b465ee728b)
Start importing Assets/Fanaar/Fanaar Assets/1 Tiles/Tile_24.png using Guid(6cfd4e841a979bf4193f52d9219b6777) Importer(815301076,1909f56bfc062723c751e8b465ee728b)  -> (artifact id: '0d2e6b63050a22ae91c772e794be7c58') in 0.020888 seconds 
========================================================================
Received Import Request.
  Time since last request: 0.000026 seconds.
  path: Assets/Fanaar/Fanaar Assets/1 Tiles/Tile_06.png
  artifactKey: Guid(e0b9e972c64ad284a997ec7b1c0aedeb) Importer(815301076,1909f56bfc062723c751e8b465ee728b)
Start importing Assets/Fanaar/Fanaar Assets/1 Tiles/Tile_06.png using Guid(e0b9e972c64ad284a997ec7b1c0aedeb) Importer(815301076,1909f56bfc062723c751e8b465ee728b)  -> (artifact id: '331daba8ff45bf911c997e26f63721f9') in 0.020024 seconds 
========================================================================
Received Import Request.
  Time since last request: 0.000024 seconds.
  path: Assets/Fanaar/Fanaar Assets/1 Tiles/Tile_14.png
  artifactKey: Guid(376349e164ca8ca41bb0920892dd7c5f) Importer(815301076,1909f56bfc062723c751e8b465ee728b)
Start importing Assets/Fanaar/Fanaar Assets/1 Tiles/Tile_14.png using Guid(376349e164ca8ca41bb0920892dd7c5f) Importer(815301076,1909f56bfc062723c751e8b465ee728b)  -> (artifact id: 'aed6552826d87f38ae49e4d230b38bb3') in 0.018102 seconds 
========================================================================
Received Import Request.
  Time since last request: 0.000022 seconds.
  path: Assets/Fanaar/Fanaar Assets/1 Tiles/Tile_03.png
  artifactKey: Guid(22d7adfea0d58874c8b0b235d6609dde) Importer(815301076,1909f56bfc062723c751e8b465ee728b)
Start importing Assets/Fanaar/Fanaar Assets/1 Tiles/Tile_03.png using Guid(22d7adfea0d58874c8b0b235d6609dde) Importer(815301076,1909f56bfc062723c751e8b465ee728b)  -> (artifact id: 'f2c51645d81e0bf3fd76566380458d3e') in 0.020097 seconds 
========================================================================
Received Import Request.
  Time since last request: 0.000029 seconds.
  path: Assets/Fanaar/Fanaar Assets/1 Tiles/Tile_09.png
  artifactKey: Guid(ae1ea26ea0631a24f8710e8ed39f131d) Importer(815301076,1909f56bfc062723c751e8b465ee728b)
Start importing Assets/Fanaar/Fanaar Assets/1 Tiles/Tile_09.png using Guid(ae1ea26ea0631a24f8710e8ed39f131d) Importer(815301076,1909f56bfc062723c751e8b465ee728b)  -> (artifact id: 'f658f670b749a683acd5469456896d06') in 0.022124 seconds 
========================================================================
Received Import Request.
  Time since last request: 0.000016 seconds.
  path: Assets/Fanaar/Fanaar Assets/1 Tiles/Tile_25.png
  artifactKey: Guid(2e24127a3f6ddc74a88e9173d807e4ba) Importer(815301076,1909f56bfc062723c751e8b465ee728b)
Start importing Assets/Fanaar/Fanaar Assets/1 Tiles/Tile_25.png using Guid(2e24127a3f6ddc74a88e9173d807e4ba) Importer(815301076,1909f56bfc062723c751e8b465ee728b)  -> (artifact id: '29cc4d8cf44f541b42c9744bc98803b1') in 0.018625 seconds 
========================================================================
Received Import Request.
  Time since last request: 0.000017 seconds.
  path: Assets/Fanaar/Fanaar Assets/1 Tiles/Tile_15.png
  artifactKey: Guid(a104053f95486f44d802630a7b335cc7) Importer(815301076,1909f56bfc062723c751e8b465ee728b)
Start importing Assets/Fanaar/Fanaar Assets/1 Tiles/Tile_15.png using Guid(a104053f95486f44d802630a7b335cc7) Importer(815301076,1909f56bfc062723c751e8b465ee728b)  -> (artifact id: 'a99f9174035d47ddcf6d64efe3082dcb') in 0.016333 seconds 
========================================================================
Received Import Request.
  Time since last request: 0.000021 seconds.
  path: Assets/Fanaar/Fanaar Assets/1 Tiles/Tile_46.png
  artifactKey: Guid(f1376f72f4a62ee40aad3b4da9e8715f) Importer(815301076,1909f56bfc062723c751e8b465ee728b)
Start importing Assets/Fanaar/Fanaar Assets/1 Tiles/Tile_46.png using Guid(f1376f72f4a62ee40aad3b4da9e8715f) Importer(815301076,1909f56bfc062723c751e8b465ee728b)  -> (artifact id: '0e61a2fdd4286327f2dbab679c66a809') in 0.021185 seconds 
========================================================================
Received Import Request.
  Time since last request: 0.000022 seconds.
  path: Assets/Fanaar/Fanaar Assets/1 Tiles/Tile_41.png
  artifactKey: Guid(12bbb8362175559439057bb8c73b2e42) Importer(815301076,1909f56bfc062723c751e8b465ee728b)
Start importing Assets/Fanaar/Fanaar Assets/1 Tiles/Tile_41.png using Guid(12bbb8362175559439057bb8c73b2e42) Importer(815301076,1909f56bfc062723c751e8b465ee728b)  -> (artifact id: '0dd9526cebd9795bc20e3206a83efc13') in 0.018021 seconds 
========================================================================
Received Import Request.
  Time since last request: 0.000086 seconds.
  path: Assets/Fanaar/Fanaar Assets/1 Tiles/Tile_17.png
  artifactKey: Guid(4bb8b2bcf513e1749b9f5888016ddc9d) Importer(815301076,1909f56bfc062723c751e8b465ee728b)
Start importing Assets/Fanaar/Fanaar Assets/1 Tiles/Tile_17.png using Guid(4bb8b2bcf513e1749b9f5888016ddc9d) Importer(815301076,1909f56bfc062723c751e8b465ee728b)  -> (artifact id: 'f7df7663004d48e4197611fb1aaa2db4') in 0.017217 seconds 
========================================================================
Received Import Request.
  Time since last request: 0.000023 seconds.
  path: Assets/Fanaar/Fanaar Assets/1 Tiles/Tile_28.png
  artifactKey: Guid(f60a4f1de7cbb8248b8f40032a3243f9) Importer(815301076,1909f56bfc062723c751e8b465ee728b)
Start importing Assets/Fanaar/Fanaar Assets/1 Tiles/Tile_28.png using Guid(f60a4f1de7cbb8248b8f40032a3243f9) Importer(815301076,1909f56bfc062723c751e8b465ee728b)  -> (artifact id: '435603c1853bf48e9adbcd3ddb3f06a3') in 0.018145 seconds 
========================================================================
Received Import Request.
  Time since last request: 0.000017 seconds.
  path: Assets/Fanaar/Fanaar Assets/1 Tiles/Tile_30.png
  artifactKey: Guid(d634fe3ac7bdec04cb6ed18f069ff1fb) Importer(815301076,1909f56bfc062723c751e8b465ee728b)
Start importing Assets/Fanaar/Fanaar Assets/1 Tiles/Tile_30.png using Guid(d634fe3ac7bdec04cb6ed18f069ff1fb) Importer(815301076,1909f56bfc062723c751e8b465ee728b)  -> (artifact id: '3e2b0f87a154dbefaaf42bda0ec7f108') in 0.019041 seconds 
========================================================================
Received Import Request.
  Time since last request: 41.773510 seconds.
  path: Assets/Fanaar/Fanaar Assets/1 Tiles/Tile_49.png
  artifactKey: Guid(860f125bfd8dc584193dc911389e25d4) Importer(815301076,1909f56bfc062723c751e8b465ee728b)
Start importing Assets/Fanaar/Fanaar Assets/1 Tiles/Tile_49.png using Guid(860f125bfd8dc584193dc911389e25d4) Importer(815301076,1909f56bfc062723c751e8b465ee728b)  -> (artifact id: 'b2cf22fd991e8fe5316be3dda2951221') in 0.019159 seconds 
========================================================================
Received Import Request.
  Time since last request: 0.000026 seconds.
  path: Assets/Fanaar/Fanaar Assets/1 Tiles/Tile_54.png
  artifactKey: Guid(997f23b294125804387ec42bc15df7ee) Importer(815301076,1909f56bfc062723c751e8b465ee728b)
Start importing Assets/Fanaar/Fanaar Assets/1 Tiles/Tile_54.png using Guid(997f23b294125804387ec42bc15df7ee) Importer(815301076,1909f56bfc062723c751e8b465ee728b)  -> (artifact id: 'a526a88461024d9c2a8a1c63cdc6886f') in 0.017636 seconds 
========================================================================
Received Import Request.
  Time since last request: 0.000035 seconds.
  path: Assets/Fanaar/Fanaar Assets/1 Tiles/Tile_55.png
  artifactKey: Guid(bd5c2adc7f2dc0242879e0bcd9ef8db3) Importer(815301076,1909f56bfc062723c751e8b465ee728b)
Start importing Assets/Fanaar/Fanaar Assets/1 Tiles/Tile_55.png using Guid(bd5c2adc7f2dc0242879e0bcd9ef8db3) Importer(815301076,1909f56bfc062723c751e8b465ee728b)  -> (artifact id: '51902b95c95862dd028d0a2313d1e050') in 0.018798 seconds 
========================================================================
Received Import Request.
  Time since last request: 0.000040 seconds.
  path: Assets/Fanaar/Fanaar Assets/1 Tiles/Tile_53.png
  artifactKey: Guid(9e0842b856c1c0246b8817b8e491fb20) Importer(815301076,1909f56bfc062723c751e8b465ee728b)
Start importing Assets/Fanaar/Fanaar Assets/1 Tiles/Tile_53.png using Guid(9e0842b856c1c0246b8817b8e491fb20) Importer(815301076,1909f56bfc062723c751e8b465ee728b)  -> (artifact id: 'c0c71d40ccbfed599de5e950f83acdb0') in 0.017673 seconds 
========================================================================
Received Import Request.
  Time since last request: 0.000042 seconds.
  path: Assets/Fanaar/Fanaar Assets/1 Tiles/Tile_63.png
  artifactKey: Guid(1f5394b6c5c543749b4ee96189740e75) Importer(815301076,1909f56bfc062723c751e8b465ee728b)
Start importing Assets/Fanaar/Fanaar Assets/1 Tiles/Tile_63.png using Guid(1f5394b6c5c543749b4ee96189740e75) Importer(815301076,1909f56bfc062723c751e8b465ee728b)  -> (artifact id: 'c115a33ddbb4aab95421fb47c0cf21d2') in 0.017368 seconds 
========================================================================
Received Import Request.
  Time since last request: 0.000025 seconds.
  path: Assets/Fanaar/Fanaar Assets/1 Tiles/Tile_70.png
  artifactKey: Guid(239f4d26197e2e4488ff64a77bfc4522) Importer(815301076,1909f56bfc062723c751e8b465ee728b)
Start importing Assets/Fanaar/Fanaar Assets/1 Tiles/Tile_70.png using Guid(239f4d26197e2e4488ff64a77bfc4522) Importer(815301076,1909f56bfc062723c751e8b465ee728b)  -> (artifact id: 'eae3651f7dbcf32d846dabbf95249394') in 0.016995 seconds 
========================================================================
Received Import Request.
  Time since last request: 0.000019 seconds.
  path: Assets/Fanaar/Fanaar Assets/1 Tiles/Tile_64.png
  artifactKey: Guid(75fbaea4a87357444bfa2685adb30a2c) Importer(815301076,1909f56bfc062723c751e8b465ee728b)
Start importing Assets/Fanaar/Fanaar Assets/1 Tiles/Tile_64.png using Guid(75fbaea4a87357444bfa2685adb30a2c) Importer(815301076,1909f56bfc062723c751e8b465ee728b)  -> (artifact id: '6d896da2884e453c06e2b09fc17df4bb') in 0.015716 seconds 
========================================================================
Received Import Request.
  Time since last request: 0.000031 seconds.
  path: Assets/Fanaar/Fanaar Assets/1 Tiles/Tile_69.png
  artifactKey: Guid(8ef2d87f15239a949bf582d3569fc08f) Importer(815301076,1909f56bfc062723c751e8b465ee728b)
Start importing Assets/Fanaar/Fanaar Assets/1 Tiles/Tile_69.png using Guid(8ef2d87f15239a949bf582d3569fc08f) Importer(815301076,1909f56bfc062723c751e8b465ee728b)  -> (artifact id: '561ed206016c80e6e7f62edd65b53c0d') in 0.016302 seconds 
========================================================================
Received Import Request.
  Time since last request: 0.000029 seconds.
  path: Assets/Fanaar/Fanaar Assets/1 Tiles/Tile_62.png
  artifactKey: Guid(e259725dd77f8ca43ac5d2834acc4d28) Importer(815301076,1909f56bfc062723c751e8b465ee728b)
Start importing Assets/Fanaar/Fanaar Assets/1 Tiles/Tile_62.png using Guid(e259725dd77f8ca43ac5d2834acc4d28) Importer(815301076,1909f56bfc062723c751e8b465ee728b)  -> (artifact id: '842d017c437f3ea58cea1b6f63ec7d30') in 0.014214 seconds 
========================================================================
Received Import Request.
  Time since last request: 0.000017 seconds.
  path: Assets/Fanaar/Fanaar Assets/1 Tiles/Tile_60.png
  artifactKey: Guid(24ee69337c3d2724d987c2a58ce32da3) Importer(815301076,1909f56bfc062723c751e8b465ee728b)
Start importing Assets/Fanaar/Fanaar Assets/1 Tiles/Tile_60.png using Guid(24ee69337c3d2724d987c2a58ce32da3) Importer(815301076,1909f56bfc062723c751e8b465ee728b)  -> (artifact id: '49702d8d0a165e6125939d070a8ee7b9') in 0.016731 seconds 
========================================================================
Received Import Request.
  Time since last request: 0.000024 seconds.
  path: Assets/Fanaar/Fanaar Assets/1 Tiles/Tile_56.png
  artifactKey: Guid(344d24fcd97bc464080ec8f14fc735f2) Importer(815301076,1909f56bfc062723c751e8b465ee728b)
Start importing Assets/Fanaar/Fanaar Assets/1 Tiles/Tile_56.png using Guid(344d24fcd97bc464080ec8f14fc735f2) Importer(815301076,1909f56bfc062723c751e8b465ee728b)  -> (artifact id: '18783cf85fc77fa78bfa4a9ba79d8182') in 0.013794 seconds 
========================================================================
Received Import Request.
  Time since last request: 707.255162 seconds.
  path: Assets/Fanaar/Fanaar Assets/1 Tiles/Tile_07.asset
  artifactKey: Guid(e5042c03c7e6ae54bba26239f524df6d) Importer(815301076,1909f56bfc062723c751e8b465ee728b)
Start importing Assets/Fanaar/Fanaar Assets/1 Tiles/Tile_07.asset using Guid(e5042c03c7e6ae54bba26239f524df6d) Importer(815301076,1909f56bfc062723c751e8b465ee728b)  -> (artifact id: '03d7896af5f4e20548d36a1078680d11') in 0.023007 seconds 
========================================================================
Received Import Request.
  Time since last request: 1272.601896 seconds.
  path: Assets/Animations/Smasher.controller
  artifactKey: Guid(4095c6886d37d904992a9f94a35125ee) Importer(815301076,1909f56bfc062723c751e8b465ee728b)
Start importing Assets/Animations/Smasher.controller using Guid(4095c6886d37d904992a9f94a35125ee) Importer(815301076,1909f56bfc062723c751e8b465ee728b)  -> (artifact id: '471176c3d423a5521623c42fc744bbba') in 0.039227 seconds 
========================================================================
Received Prepare
Registering precompiled user dll's ...
Registered in 0.015576 seconds.
Begin MonoManager ReloadAssembly
Symbol file LoadedFromMemory doesn't match image C:\Users\Fanaar Rashid\Documents\Repositories\Applied Game Design\Applied-Game-Design\Applied-Game-Design\Library\PackageCache\com.unity.visualscripting@1.8.0\Editor\VisualScripting.Core\Dependencies\DotNetZip\Unity.VisualScripting.IonicZip.dll
Symbol file LoadedFromMemory doesn't match image C:\Users\Fanaar Rashid\Documents\Repositories\Applied Game Design\Applied-Game-Design\Applied-Game-Design\Library\PackageCache\com.unity.visualscripting@1.8.0\Editor\VisualScripting.Core\Dependencies\YamlDotNet\Unity.VisualScripting.YamlDotNet.dll
Native extension for WindowsStandalone target not found
Refreshing native plugins compatible for Editor in 1.68 ms, found 4 plugins.
Preloading 0 native plugins for Editor in 0.00 ms.
Mono: successfully reloaded assembly
- Completed reload, in  2.534 seconds
Domain Reload Profiling:
	ReloadAssembly (2535ms)
		BeginReloadAssembly (299ms)
			ExecutionOrderSort (0ms)
			DisableScriptedObjects (7ms)
			BackupInstance (0ms)
			ReleaseScriptingObjects (0ms)
			CreateAndSetChildDomain (68ms)
		EndReloadAssembly (2056ms)
			LoadAssemblies (245ms)
			RebuildTransferFunctionScriptingTraits (0ms)
			SetupTypeCache (797ms)
			ReleaseScriptCaches (2ms)
			RebuildScriptCaches (82ms)
			SetupLoadedEditorAssemblies (919ms)
				LogAssemblyErrors (0ms)
				InitializePlatformSupportModulesInManaged (17ms)
				SetLoadedEditorAssemblies (1ms)
				RefreshPlugins (2ms)
				BeforeProcessingInitializeOnLoad (156ms)
				ProcessInitializeOnLoadAttributes (472ms)
				ProcessInitializeOnLoadMethodAttributes (259ms)
				AfterProcessingInitializeOnLoad (12ms)
				EditorAssembliesLoaded (0ms)
			ExecutionOrderSort2 (0ms)
			AwakeInstancesAfterBackupRestoration (12ms)
Platform modules already initialized, skipping
Refreshing native plugins compatible for Editor in 16.45 ms, found 4 plugins.
Preloading 0 native plugins for Editor in 0.00 ms.
Unloading 6493 Unused Serialized files (Serialized files now loaded: 0)
Unloading 69 unused Assets / (0.8 MB). Loaded Objects now: 7078.
Memory consumption went from 253.0 MB to 252.3 MB.
Total: 10.715500 ms (FindLiveObjects: 0.596600 ms CreateObjectMapping: 0.671200 ms MarkObjects: 8.970200 ms  DeleteObjects: 0.476300 ms)

AssetImportParameters requested are different than current active one (requested -> active):
  custom:video-decoder-ogg-theora: a1e56fd34408186e4bbccfd4996cb3dc -> 
  custom:container-muxer-webm: aa71ff27fc2769a1b78a27578f13a17b -> 
  custom:container-demuxer-webm: 4f35f7cbe854078d1ac9338744f61a02 -> 
  custom:video-encoder-webm-vp8: eb34c28f22e8b96e1ab97ce403110664 -> 
  custom:audio-encoder-webm-vorbis: bf7c407c2cedff20999df2af8eb42d56 -> 
  custom:framework-win-MediaFoundation: 216162199b28c13a410421893ffa2e32 -> 
  custom:container-demuxer-ogg: 62fdf1f143b41e24485cea50d1cbac27 -> 
  custom:video-decoder-webm-vp8: 9c59270c3fd7afecdb556c50c9e8de78 -> 
  custom:audio-decoder-ogg-vorbis: bf7c407c2cedff20999df2af8eb42d56 -> 
========================================================================
Received Prepare
Registering precompiled user dll's ...
Registered in 0.012736 seconds.
Begin MonoManager ReloadAssembly
Symbol file LoadedFromMemory doesn't match image C:\Users\Fanaar Rashid\Documents\Repositories\Applied Game Design\Applied-Game-Design\Applied-Game-Design\Library\PackageCache\com.unity.visualscripting@1.8.0\Editor\VisualScripting.Core\Dependencies\DotNetZip\Unity.VisualScripting.IonicZip.dll
Symbol file LoadedFromMemory doesn't match image C:\Users\Fanaar Rashid\Documents\Repositories\Applied Game Design\Applied-Game-Design\Applied-Game-Design\Library\PackageCache\com.unity.visualscripting@1.8.0\Editor\VisualScripting.Core\Dependencies\YamlDotNet\Unity.VisualScripting.YamlDotNet.dll
Native extension for WindowsStandalone target not found
Refreshing native plugins compatible for Editor in 4.72 ms, found 4 plugins.
Preloading 0 native plugins for Editor in 0.00 ms.
Mono: successfully reloaded assembly
- Completed reload, in  3.773 seconds
Domain Reload Profiling:
	ReloadAssembly (3774ms)
		BeginReloadAssembly (370ms)
			ExecutionOrderSort (0ms)
			DisableScriptedObjects (12ms)
			BackupInstance (0ms)
			ReleaseScriptingObjects (0ms)
			CreateAndSetChildDomain (153ms)
		EndReloadAssembly (3166ms)
			LoadAssemblies (212ms)
			RebuildTransferFunctionScriptingTraits (0ms)
			SetupTypeCache (1223ms)
			ReleaseScriptCaches (3ms)
			RebuildScriptCaches (255ms)
			SetupLoadedEditorAssemblies (1337ms)
				LogAssemblyErrors (0ms)
				InitializePlatformSupportModulesInManaged (25ms)
				SetLoadedEditorAssemblies (1ms)
				RefreshPlugins (5ms)
				BeforeProcessingInitializeOnLoad (247ms)
				ProcessInitializeOnLoadAttributes (659ms)
				ProcessInitializeOnLoadMethodAttributes (382ms)
				AfterProcessingInitializeOnLoad (18ms)
				EditorAssembliesLoaded (1ms)
			ExecutionOrderSort2 (0ms)
			AwakeInstancesAfterBackupRestoration (22ms)
Platform modules already initialized, skipping
Refreshing native plugins compatible for Editor in 11.91 ms, found 4 plugins.
Preloading 0 native plugins for Editor in 0.00 ms.
Unloading 6493 Unused Serialized files (Serialized files now loaded: 0)
Unloading 69 unused Assets / (0.8 MB). Loaded Objects now: 7093.
Memory consumption went from 253.0 MB to 252.3 MB.
Total: 8.237300 ms (FindLiveObjects: 0.493300 ms CreateObjectMapping: 0.482900 ms MarkObjects: 6.908300 ms  DeleteObjects: 0.351400 ms)

AssetImportParameters requested are different than current active one (requested -> active):
  custom:video-decoder-ogg-theora: a1e56fd34408186e4bbccfd4996cb3dc -> 
  custom:container-muxer-webm: aa71ff27fc2769a1b78a27578f13a17b -> 
  custom:container-demuxer-webm: 4f35f7cbe854078d1ac9338744f61a02 -> 
  custom:video-encoder-webm-vp8: eb34c28f22e8b96e1ab97ce403110664 -> 
  custom:audio-encoder-webm-vorbis: bf7c407c2cedff20999df2af8eb42d56 -> 
  custom:framework-win-MediaFoundation: 216162199b28c13a410421893ffa2e32 -> 
  custom:container-demuxer-ogg: 62fdf1f143b41e24485cea50d1cbac27 -> 
  custom:video-decoder-webm-vp8: 9c59270c3fd7afecdb556c50c9e8de78 -> 
  custom:audio-decoder-ogg-vorbis: bf7c407c2cedff20999df2af8eb42d56 -> 
