Using pre-set license
Built from '2021.3/staging' branch; Version is '2021.3.19f1 (c9714fde33b6) revision 13201743'; Using compiler version '192829333'; Build Type 'Release'
OS: 'Windows 11  (10.0.22621) 64bit Core' Language: 'en' Physical Memory: 16215 MB
BatchMode: 1, IsHumanControllingUs: 0, StartBugReporterOnCrash: 0, Is64bit: 1, IsPro: 1

COMMAND LINE ARGUMENTS:
C:\Program Files\Unity 2021.3.19f1\Editor\Unity.exe
-adb2
-batchMode
-noUpm
-name
AssetImportWorker1
-projectPath
C:/Users/Fanaar Rashid/Documents/Repositories/Applied Game Design/Applied-Game-Design/Applied-Game-Design
-logFile
Logs/AssetImportWorker1.log
-srvPort
57478
Successfully changed project path to: C:/Users/Fanaar Rashid/Documents/Repositories/Applied Game Design/Applied-Game-Design/Applied-Game-Design
C:/Users/Fanaar Rashid/Documents/Repositories/Applied Game Design/Applied-Game-Design/Applied-Game-Design
[UnityMemory] Configuration Parameters - Can be set up in boot.config
    "memorysetup-bucket-allocator-granularity=16"
    "memorysetup-bucket-allocator-bucket-count=8"
    "memorysetup-bucket-allocator-block-size=33554432"
    "memorysetup-bucket-allocator-block-count=8"
    "memorysetup-main-allocator-block-size=16777216"
    "memorysetup-thread-allocator-block-size=16777216"
    "memorysetup-gfx-main-allocator-block-size=16777216"
    "memorysetup-gfx-thread-allocator-block-size=16777216"
    "memorysetup-cache-allocator-block-size=4194304"
    "memorysetup-typetree-allocator-block-size=2097152"
    "memorysetup-profiler-bucket-allocator-granularity=16"
    "memorysetup-profiler-bucket-allocator-bucket-count=8"
    "memorysetup-profiler-bucket-allocator-block-size=33554432"
    "memorysetup-profiler-bucket-allocator-block-count=8"
    "memorysetup-profiler-allocator-block-size=16777216"
    "memorysetup-profiler-editor-allocator-block-size=1048576"
    "memorysetup-temp-allocator-size-main=16777216"
    "memorysetup-job-temp-allocator-block-size=2097152"
    "memorysetup-job-temp-allocator-block-size-background=1048576"
    "memorysetup-job-temp-allocator-reduction-small-platforms=262144"
    "memorysetup-temp-allocator-size-background-worker=32768"
    "memorysetup-temp-allocator-size-job-worker=262144"
    "memorysetup-temp-allocator-size-preload-manager=33554432"
    "memorysetup-temp-allocator-size-nav-mesh-worker=65536"
    "memorysetup-temp-allocator-size-audio-worker=65536"
    "memorysetup-temp-allocator-size-cloud-worker=32768"
    "memorysetup-temp-allocator-size-gi-baking-worker=262144"
    "memorysetup-temp-allocator-size-gfx=262144"
Player connection [19068] Host "[IP] 192.168.2.32 [Port] 0 [Flags] 2 [Guid] 2924225305 [EditorId] 2924225305 [Version] 1048832 [Id] WindowsEditor(7,LAPTOP-QPM5P072) [Debug] 1 [PackageName] WindowsEditor [ProjectName] Editor" joined multi-casting on [225.0.0.222:54997]...

Player connection [19068] Host "[IP] 192.168.2.32 [Port] 0 [Flags] 2 [Guid] 2924225305 [EditorId] 2924225305 [Version] 1048832 [Id] WindowsEditor(7,LAPTOP-QPM5P072) [Debug] 1 [PackageName] WindowsEditor [ProjectName] Editor" joined alternative multi-casting on [225.0.0.222:34997]...

Refreshing native plugins compatible for Editor in 160.71 ms, found 4 plugins.
Preloading 0 native plugins for Editor in 0.00 ms.
Initialize engine version: 2021.3.19f1 (c9714fde33b6)
[Subsystems] Discovering subsystems at path C:/Program Files/Unity 2021.3.19f1/Editor/Data/Resources/UnitySubsystems
[Subsystems] Discovering subsystems at path C:/Users/Fanaar Rashid/Documents/Repositories/Applied Game Design/Applied-Game-Design/Applied-Game-Design/Assets
GfxDevice: creating device client; threaded=0; jobified=0
Direct3D:
    Version:  Direct3D 11.0 [level 11.1]
    Renderer: NVIDIA GeForce GTX 1650 Ti (ID=0x1f95)
    Vendor:   NVIDIA
    VRAM:     3962 MB
    Driver:   27.21.14.5167
Initialize mono
Mono path[0] = 'C:/Program Files/Unity 2021.3.19f1/Editor/Data/Managed'
Mono path[1] = 'C:/Program Files/Unity 2021.3.19f1/Editor/Data/MonoBleedingEdge/lib/mono/unityjit-win32'
Mono config path = 'C:/Program Files/Unity 2021.3.19f1/Editor/Data/MonoBleedingEdge/etc'
Using monoOptions --debugger-agent=transport=dt_socket,embedding=1,server=y,suspend=n,address=127.0.0.1:56052
Begin MonoManager ReloadAssembly
Registering precompiled unity dll's ...
Register platform support module: C:/Program Files/Unity 2021.3.19f1/Editor/Data/PlaybackEngines/WindowsStandaloneSupport/UnityEditor.WindowsStandalone.Extensions.dll
Registered in 0.003643 seconds.
Native extension for WindowsStandalone target not found
Refreshing native plugins compatible for Editor in 165.03 ms, found 4 plugins.
Preloading 0 native plugins for Editor in 0.00 ms.
Mono: successfully reloaded assembly
- Completed reload, in  0.763 seconds
Domain Reload Profiling:
	ReloadAssembly (764ms)
		BeginReloadAssembly (81ms)
			ExecutionOrderSort (0ms)
			DisableScriptedObjects (0ms)
			BackupInstance (0ms)
			ReleaseScriptingObjects (0ms)
			CreateAndSetChildDomain (1ms)
		EndReloadAssembly (572ms)
			LoadAssemblies (79ms)
			RebuildTransferFunctionScriptingTraits (0ms)
			SetupTypeCache (117ms)
			ReleaseScriptCaches (0ms)
			RebuildScriptCaches (30ms)
			SetupLoadedEditorAssemblies (366ms)
				LogAssemblyErrors (0ms)
				InitializePlatformSupportModulesInManaged (7ms)
				SetLoadedEditorAssemblies (0ms)
				RefreshPlugins (165ms)
				BeforeProcessingInitializeOnLoad (1ms)
				ProcessInitializeOnLoadAttributes (147ms)
				ProcessInitializeOnLoadMethodAttributes (46ms)
				AfterProcessingInitializeOnLoad (0ms)
				EditorAssembliesLoaded (0ms)
			ExecutionOrderSort2 (0ms)
			AwakeInstancesAfterBackupRestoration (0ms)
Platform modules already initialized, skipping
Registering precompiled user dll's ...
Registered in 0.009528 seconds.
Begin MonoManager ReloadAssembly
Symbol file LoadedFromMemory doesn't match image C:\Users\Fanaar Rashid\Documents\Repositories\Applied Game Design\Applied-Game-Design\Applied-Game-Design\Library\PackageCache\com.unity.visualscripting@1.8.0\Editor\VisualScripting.Core\Dependencies\DotNetZip\Unity.VisualScripting.IonicZip.dll
Symbol file LoadedFromMemory doesn't match image C:\Users\Fanaar Rashid\Documents\Repositories\Applied Game Design\Applied-Game-Design\Applied-Game-Design\Library\PackageCache\com.unity.visualscripting@1.8.0\Editor\VisualScripting.Core\Dependencies\YamlDotNet\Unity.VisualScripting.YamlDotNet.dll
Native extension for WindowsStandalone target not found
Refreshing native plugins compatible for Editor in 161.86 ms, found 4 plugins.
Preloading 0 native plugins for Editor in 0.00 ms.
Mono: successfully reloaded assembly
- Completed reload, in  1.716 seconds
Domain Reload Profiling:
	ReloadAssembly (1717ms)
		BeginReloadAssembly (104ms)
			ExecutionOrderSort (0ms)
			DisableScriptedObjects (5ms)
			BackupInstance (0ms)
			ReleaseScriptingObjects (0ms)
			CreateAndSetChildDomain (17ms)
		EndReloadAssembly (1486ms)
			LoadAssemblies (107ms)
			RebuildTransferFunctionScriptingTraits (0ms)
			SetupTypeCache (353ms)
			ReleaseScriptCaches (1ms)
			RebuildScriptCaches (87ms)
			SetupLoadedEditorAssemblies (887ms)
				LogAssemblyErrors (0ms)
				InitializePlatformSupportModulesInManaged (3ms)
				SetLoadedEditorAssemblies (0ms)
				RefreshPlugins (162ms)
				BeforeProcessingInitializeOnLoad (164ms)
				ProcessInitializeOnLoadAttributes (368ms)
				ProcessInitializeOnLoadMethodAttributes (183ms)
				AfterProcessingInitializeOnLoad (6ms)
				EditorAssembliesLoaded (0ms)
			ExecutionOrderSort2 (0ms)
			AwakeInstancesAfterBackupRestoration (5ms)
Platform modules already initialized, skipping
========================================================================
Worker process is ready to serve import requests
Launched and connected shader compiler UnityShaderCompiler.exe after 0.05 seconds
Refreshing native plugins compatible for Editor in 1.36 ms, found 4 plugins.
Preloading 0 native plugins for Editor in 0.00 ms.
Unloading 6638 Unused Serialized files (Serialized files now loaded: 0)
Unloading 96 unused Assets / (0.8 MB). Loaded Objects now: 7056.
Memory consumption went from 258.5 MB to 257.7 MB.
Total: 8.051000 ms (FindLiveObjects: 0.532700 ms CreateObjectMapping: 0.663500 ms MarkObjects: 6.532600 ms  DeleteObjects: 0.320800 ms)

AssetImportParameters requested are different than current active one (requested -> active):
  custom:video-decoder-ogg-theora: a1e56fd34408186e4bbccfd4996cb3dc -> 
  custom:container-muxer-webm: aa71ff27fc2769a1b78a27578f13a17b -> 
  custom:container-demuxer-webm: 4f35f7cbe854078d1ac9338744f61a02 -> 
  custom:video-encoder-webm-vp8: eb34c28f22e8b96e1ab97ce403110664 -> 
  custom:audio-encoder-webm-vorbis: bf7c407c2cedff20999df2af8eb42d56 -> 
  custom:framework-win-MediaFoundation: 216162199b28c13a410421893ffa2e32 -> 
  custom:container-demuxer-ogg: 62fdf1f143b41e24485cea50d1cbac27 -> 
  custom:video-decoder-webm-vp8: 9c59270c3fd7afecdb556c50c9e8de78 -> 
  custom:audio-decoder-ogg-vorbis: bf7c407c2cedff20999df2af8eb42d56 -> 
========================================================================
Received Import Request.
  Time since last request: 152011.835369 seconds.
  path: Assets/Fanaar/Fanaar Assets/1 Tiles/Tile_02.png
  artifactKey: Guid(7db1c98433f62a5449cac08a33adf551) Importer(815301076,1909f56bfc062723c751e8b465ee728b)
Start importing Assets/Fanaar/Fanaar Assets/1 Tiles/Tile_02.png using Guid(7db1c98433f62a5449cac08a33adf551) Importer(815301076,1909f56bfc062723c751e8b465ee728b)  -> (artifact id: '0a186bd2976650e120233f93f014fe9a') in 0.110070 seconds 
========================================================================
Received Import Request.
  Time since last request: 0.000024 seconds.
  path: Assets/Fanaar/Fanaar Assets/1 Tiles/Tile_27.png
  artifactKey: Guid(12f6deef6b837044ebc098a2a1d2d9bb) Importer(815301076,1909f56bfc062723c751e8b465ee728b)
Start importing Assets/Fanaar/Fanaar Assets/1 Tiles/Tile_27.png using Guid(12f6deef6b837044ebc098a2a1d2d9bb) Importer(815301076,1909f56bfc062723c751e8b465ee728b)  -> (artifact id: 'a5797b37e30bc6f0d8fa000f786f7c17') in 0.017758 seconds 
========================================================================
Received Import Request.
  Time since last request: 0.000025 seconds.
  path: Assets/Fanaar/Fanaar Assets/1 Tiles/Tile_13.png
  artifactKey: Guid(dd8a850349565db4f981ebadf1602c66) Importer(815301076,1909f56bfc062723c751e8b465ee728b)
Start importing Assets/Fanaar/Fanaar Assets/1 Tiles/Tile_13.png using Guid(dd8a850349565db4f981ebadf1602c66) Importer(815301076,1909f56bfc062723c751e8b465ee728b)  -> (artifact id: 'fea760966efc7304e4eda6f9d5ed5574') in 0.019600 seconds 
========================================================================
Received Import Request.
  Time since last request: 0.000030 seconds.
  path: Assets/Fanaar/Fanaar Assets/1 Tiles/Tile_29.png
  artifactKey: Guid(9a94ce4ec513c024881d0f70c9c16c8d) Importer(815301076,1909f56bfc062723c751e8b465ee728b)
Start importing Assets/Fanaar/Fanaar Assets/1 Tiles/Tile_29.png using Guid(9a94ce4ec513c024881d0f70c9c16c8d) Importer(815301076,1909f56bfc062723c751e8b465ee728b)  -> (artifact id: '454b0805eefa50a7496d8f68c7921ba2') in 0.018259 seconds 
========================================================================
Received Import Request.
  Time since last request: 0.000026 seconds.
  path: Assets/Fanaar/Fanaar Assets/1 Tiles/Tile_26.png
  artifactKey: Guid(0fdb4ca87ad8dd3469f1c40ffbeb13f7) Importer(815301076,1909f56bfc062723c751e8b465ee728b)
Start importing Assets/Fanaar/Fanaar Assets/1 Tiles/Tile_26.png using Guid(0fdb4ca87ad8dd3469f1c40ffbeb13f7) Importer(815301076,1909f56bfc062723c751e8b465ee728b)  -> (artifact id: '8b2d471b84ea578df60e0f39f6c824ec') in 0.021014 seconds 
========================================================================
Received Import Request.
  Time since last request: 0.000019 seconds.
  path: Assets/Fanaar/Fanaar Assets/1 Tiles/Tile_01.png
  artifactKey: Guid(383ecf660763012419b4efa35e8673b7) Importer(815301076,1909f56bfc062723c751e8b465ee728b)
Start importing Assets/Fanaar/Fanaar Assets/1 Tiles/Tile_01.png using Guid(383ecf660763012419b4efa35e8673b7) Importer(815301076,1909f56bfc062723c751e8b465ee728b)  -> (artifact id: '00013c1e1e29772de607729bbec27e92') in 0.020572 seconds 
========================================================================
Received Import Request.
  Time since last request: 0.000031 seconds.
  path: Assets/Fanaar/Fanaar Assets/1 Tiles/Tile_33.png
  artifactKey: Guid(7fcbcd4d8d0d0fb478adae5acae15a4f) Importer(815301076,1909f56bfc062723c751e8b465ee728b)
Start importing Assets/Fanaar/Fanaar Assets/1 Tiles/Tile_33.png using Guid(7fcbcd4d8d0d0fb478adae5acae15a4f) Importer(815301076,1909f56bfc062723c751e8b465ee728b)  -> (artifact id: 'd359615d21bbf5df52830cca5fcff7c7') in 0.029895 seconds 
========================================================================
Received Import Request.
  Time since last request: 0.000020 seconds.
  path: Assets/Fanaar/Fanaar Assets/1 Tiles/Tile_47.png
  artifactKey: Guid(d90127265e4c40f41826f3c25414909b) Importer(815301076,1909f56bfc062723c751e8b465ee728b)
Start importing Assets/Fanaar/Fanaar Assets/1 Tiles/Tile_47.png using Guid(d90127265e4c40f41826f3c25414909b) Importer(815301076,1909f56bfc062723c751e8b465ee728b)  -> (artifact id: 'bd03a2e1cd0bc078c65f2dbb1e4213d5') in 0.017697 seconds 
========================================================================
Received Import Request.
  Time since last request: 0.000022 seconds.
  path: Assets/Fanaar/Fanaar Assets/1 Tiles/Tile_22.png
  artifactKey: Guid(7e1b69108bfb0804f89285eabebd9fde) Importer(815301076,1909f56bfc062723c751e8b465ee728b)
Start importing Assets/Fanaar/Fanaar Assets/1 Tiles/Tile_22.png using Guid(7e1b69108bfb0804f89285eabebd9fde) Importer(815301076,1909f56bfc062723c751e8b465ee728b)  -> (artifact id: '6491f900666c0025944f90c77f573744') in 0.022744 seconds 
========================================================================
Received Import Request.
  Time since last request: 0.000023 seconds.
  path: Assets/Fanaar/Fanaar Assets/1 Tiles/Tile_45.png
  artifactKey: Guid(0bb6a75ec531a4f46867aaf9eab8cdbf) Importer(815301076,1909f56bfc062723c751e8b465ee728b)
Start importing Assets/Fanaar/Fanaar Assets/1 Tiles/Tile_45.png using Guid(0bb6a75ec531a4f46867aaf9eab8cdbf) Importer(815301076,1909f56bfc062723c751e8b465ee728b)  -> (artifact id: '37ae26094aebfea41f2b05352e3e24f8') in 0.023442 seconds 
========================================================================
Received Import Request.
  Time since last request: 0.000022 seconds.
  path: Assets/Fanaar/Fanaar Assets/1 Tiles/Tile_19.png
  artifactKey: Guid(25bcebbf555167842a2013417ca4019e) Importer(815301076,1909f56bfc062723c751e8b465ee728b)
Start importing Assets/Fanaar/Fanaar Assets/1 Tiles/Tile_19.png using Guid(25bcebbf555167842a2013417ca4019e) Importer(815301076,1909f56bfc062723c751e8b465ee728b)  -> (artifact id: '352dd324a2794fd7d607d57871c6e6b0') in 0.018995 seconds 
========================================================================
Received Import Request.
  Time since last request: 0.000020 seconds.
  path: Assets/Fanaar/Fanaar Assets/1 Tiles/Tile_21.png
  artifactKey: Guid(85c73e5859f1c06438ebe57ff35729a3) Importer(815301076,1909f56bfc062723c751e8b465ee728b)
Start importing Assets/Fanaar/Fanaar Assets/1 Tiles/Tile_21.png using Guid(85c73e5859f1c06438ebe57ff35729a3) Importer(815301076,1909f56bfc062723c751e8b465ee728b)  -> (artifact id: '024b839fcabcb7f95e45a42b49bbb342') in 0.018297 seconds 
========================================================================
Received Import Request.
  Time since last request: 0.000017 seconds.
  path: Assets/Fanaar/Fanaar Assets/1 Tiles/Tile_34.png
  artifactKey: Guid(09af70b57ec74584798e241ecfbc9047) Importer(815301076,1909f56bfc062723c751e8b465ee728b)
Start importing Assets/Fanaar/Fanaar Assets/1 Tiles/Tile_34.png using Guid(09af70b57ec74584798e241ecfbc9047) Importer(815301076,1909f56bfc062723c751e8b465ee728b)  -> (artifact id: '399cb1ad726d8fc89db0a9adb5c80fdd') in 0.021427 seconds 
========================================================================
Received Import Request.
  Time since last request: 0.000022 seconds.
  path: Assets/Fanaar/Fanaar Assets/1 Tiles/Tile_31.png
  artifactKey: Guid(ee5d1f4c7c5ec994db5d4f87f91436ad) Importer(815301076,1909f56bfc062723c751e8b465ee728b)
Start importing Assets/Fanaar/Fanaar Assets/1 Tiles/Tile_31.png using Guid(ee5d1f4c7c5ec994db5d4f87f91436ad) Importer(815301076,1909f56bfc062723c751e8b465ee728b)  -> (artifact id: '765c83c662461ae7e21b5cf1ffbab8dd') in 0.017288 seconds 
========================================================================
Received Import Request.
  Time since last request: 0.000035 seconds.
  path: Assets/Fanaar/Fanaar Assets/1 Tiles/Tile_36.png
  artifactKey: Guid(7f9d5f30a946e9f45b6fa21c804ca7be) Importer(815301076,1909f56bfc062723c751e8b465ee728b)
Start importing Assets/Fanaar/Fanaar Assets/1 Tiles/Tile_36.png using Guid(7f9d5f30a946e9f45b6fa21c804ca7be) Importer(815301076,1909f56bfc062723c751e8b465ee728b)  -> (artifact id: '65216843a789a464c549ed8cec99507c') in 0.018471 seconds 
========================================================================
Received Import Request.
  Time since last request: 0.000027 seconds.
  path: Assets/Fanaar/Fanaar Assets/1 Tiles/Tile_39.png
  artifactKey: Guid(a96d81fcfa371a544936fbc896ae4cbd) Importer(815301076,1909f56bfc062723c751e8b465ee728b)
Start importing Assets/Fanaar/Fanaar Assets/1 Tiles/Tile_39.png using Guid(a96d81fcfa371a544936fbc896ae4cbd) Importer(815301076,1909f56bfc062723c751e8b465ee728b)  -> (artifact id: '3787f242927b7086a1bbff5d3579e7ec') in 0.020209 seconds 
========================================================================
Received Import Request.
  Time since last request: 0.000044 seconds.
  path: Assets/Fanaar/Fanaar Assets/1 Tiles/Tile_20.png
  artifactKey: Guid(484efe027a3f3864686183c35396040a) Importer(815301076,1909f56bfc062723c751e8b465ee728b)
Start importing Assets/Fanaar/Fanaar Assets/1 Tiles/Tile_20.png using Guid(484efe027a3f3864686183c35396040a) Importer(815301076,1909f56bfc062723c751e8b465ee728b)  -> (artifact id: '0866cb0835ea3e798221ddd540d16795') in 0.019208 seconds 
========================================================================
Received Import Request.
  Time since last request: 0.000025 seconds.
  path: Assets/Fanaar/Fanaar Assets/1 Tiles/Tile_12.png
  artifactKey: Guid(96d3142e6bc4ca94c8f162315f782205) Importer(815301076,1909f56bfc062723c751e8b465ee728b)
Start importing Assets/Fanaar/Fanaar Assets/1 Tiles/Tile_12.png using Guid(96d3142e6bc4ca94c8f162315f782205) Importer(815301076,1909f56bfc062723c751e8b465ee728b)  -> (artifact id: '4573f6edc6afb69987ec39db50f0330c') in 0.016888 seconds 
========================================================================
Received Import Request.
  Time since last request: 0.000028 seconds.
  path: Assets/Fanaar/Fanaar Assets/1 Tiles/Tile_32.png
  artifactKey: Guid(ba64751de968f2941acf41bad3eb84a0) Importer(815301076,1909f56bfc062723c751e8b465ee728b)
Start importing Assets/Fanaar/Fanaar Assets/1 Tiles/Tile_32.png using Guid(ba64751de968f2941acf41bad3eb84a0) Importer(815301076,1909f56bfc062723c751e8b465ee728b)  -> (artifact id: '355ecf565f5751bd91a75d1772e47e4d') in 0.019697 seconds 
========================================================================
Received Import Request.
  Time since last request: 0.000017 seconds.
  path: Assets/Fanaar/Fanaar Assets/1 Tiles/Tile_38.png
  artifactKey: Guid(e53e7ba35eff458419c0f20ee47b2910) Importer(815301076,1909f56bfc062723c751e8b465ee728b)
Start importing Assets/Fanaar/Fanaar Assets/1 Tiles/Tile_38.png using Guid(e53e7ba35eff458419c0f20ee47b2910) Importer(815301076,1909f56bfc062723c751e8b465ee728b)  -> (artifact id: 'a5f23a7493d2cd160bd2e4202255c7e4') in 0.018775 seconds 
========================================================================
Received Import Request.
  Time since last request: 0.000023 seconds.
  path: Assets/Fanaar/Fanaar Assets/1 Tiles/Tile_18.png
  artifactKey: Guid(04d4b403589a7cd45bfea9836caf6327) Importer(815301076,1909f56bfc062723c751e8b465ee728b)
Start importing Assets/Fanaar/Fanaar Assets/1 Tiles/Tile_18.png using Guid(04d4b403589a7cd45bfea9836caf6327) Importer(815301076,1909f56bfc062723c751e8b465ee728b)  -> (artifact id: 'df9471a3a592010b7675b7a982c28711') in 0.019098 seconds 
========================================================================
Received Import Request.
  Time since last request: 0.000043 seconds.
  path: Assets/Fanaar/Fanaar Assets/1 Tiles/Tile_48.png
  artifactKey: Guid(f26df94a02b61ee4eb327b02afa79357) Importer(815301076,1909f56bfc062723c751e8b465ee728b)
Start importing Assets/Fanaar/Fanaar Assets/1 Tiles/Tile_48.png using Guid(f26df94a02b61ee4eb327b02afa79357) Importer(815301076,1909f56bfc062723c751e8b465ee728b)  -> (artifact id: '419e9ea3a42f02ae32e4ffe16f145ba4') in 0.017703 seconds 
========================================================================
Received Import Request.
  Time since last request: 0.000034 seconds.
  path: Assets/Fanaar/Fanaar Assets/1 Tiles/Tile_35.png
  artifactKey: Guid(d8a1d8989b41d9f469ae902ddea3e997) Importer(815301076,1909f56bfc062723c751e8b465ee728b)
Start importing Assets/Fanaar/Fanaar Assets/1 Tiles/Tile_35.png using Guid(d8a1d8989b41d9f469ae902ddea3e997) Importer(815301076,1909f56bfc062723c751e8b465ee728b)  -> (artifact id: 'f9258e5e0e721152d30e6c0fd4efdb90') in 0.015159 seconds 
========================================================================
Received Import Request.
  Time since last request: 0.000034 seconds.
  path: Assets/Fanaar/Fanaar Assets/1 Tiles/Tile_05.png
  artifactKey: Guid(2f21960f7e922364dbf7147747e033c8) Importer(815301076,1909f56bfc062723c751e8b465ee728b)
Start importing Assets/Fanaar/Fanaar Assets/1 Tiles/Tile_05.png using Guid(2f21960f7e922364dbf7147747e033c8) Importer(815301076,1909f56bfc062723c751e8b465ee728b)  -> (artifact id: '94161b735d84f4f6d6a5c9d7d427be77') in 0.019526 seconds 
========================================================================
Received Import Request.
  Time since last request: 41.776512 seconds.
  path: Assets/Fanaar/Fanaar Assets/1 Tiles/Tile_50.png
  artifactKey: Guid(610e6806c7a4de94aa8abad5095eee1f) Importer(815301076,1909f56bfc062723c751e8b465ee728b)
Start importing Assets/Fanaar/Fanaar Assets/1 Tiles/Tile_50.png using Guid(610e6806c7a4de94aa8abad5095eee1f) Importer(815301076,1909f56bfc062723c751e8b465ee728b)  -> (artifact id: 'a01381276480bbb5bcbd6abb93732461') in 0.019177 seconds 
========================================================================
Received Import Request.
  Time since last request: 0.000025 seconds.
  path: Assets/Fanaar/Fanaar Assets/1 Tiles/Tile_57.png
  artifactKey: Guid(ff428e4a92e35314fad661140afb2647) Importer(815301076,1909f56bfc062723c751e8b465ee728b)
Start importing Assets/Fanaar/Fanaar Assets/1 Tiles/Tile_57.png using Guid(ff428e4a92e35314fad661140afb2647) Importer(815301076,1909f56bfc062723c751e8b465ee728b)  -> (artifact id: '6dd02fb5891d7ea7c45f32e045e1aef2') in 0.016563 seconds 
========================================================================
Received Import Request.
  Time since last request: 0.000019 seconds.
  path: Assets/Fanaar/Fanaar Assets/1 Tiles/Tile_51.png
  artifactKey: Guid(cc693952e46aeab4f85f42770c04aa4d) Importer(815301076,1909f56bfc062723c751e8b465ee728b)
Start importing Assets/Fanaar/Fanaar Assets/1 Tiles/Tile_51.png using Guid(cc693952e46aeab4f85f42770c04aa4d) Importer(815301076,1909f56bfc062723c751e8b465ee728b)  -> (artifact id: '8514c5342138dc98171767ed7ed69268') in 0.015180 seconds 
========================================================================
Received Import Request.
  Time since last request: 0.000035 seconds.
  path: Assets/Fanaar/Fanaar Assets/1 Tiles/Tile_58.png
  artifactKey: Guid(154e6507eec17924ebed63d54846a225) Importer(815301076,1909f56bfc062723c751e8b465ee728b)
Start importing Assets/Fanaar/Fanaar Assets/1 Tiles/Tile_58.png using Guid(154e6507eec17924ebed63d54846a225) Importer(815301076,1909f56bfc062723c751e8b465ee728b)  -> (artifact id: '44a92774e8262c8b654d87f037bed0c8') in 0.015702 seconds 
========================================================================
Received Import Request.
  Time since last request: 0.000021 seconds.
  path: Assets/Fanaar/Fanaar Assets/1 Tiles/Tile_61.png
  artifactKey: Guid(afdceebbc5fb7334592f42b47a8ad108) Importer(815301076,1909f56bfc062723c751e8b465ee728b)
Start importing Assets/Fanaar/Fanaar Assets/1 Tiles/Tile_61.png using Guid(afdceebbc5fb7334592f42b47a8ad108) Importer(815301076,1909f56bfc062723c751e8b465ee728b)  -> (artifact id: '6789805e75a2d01673aec236dcb5360b') in 0.015212 seconds 
========================================================================
Received Import Request.
  Time since last request: 0.000022 seconds.
  path: Assets/Fanaar/Fanaar Assets/1 Tiles/Tile_66.png
  artifactKey: Guid(8281d7c7b6cd895409a57a124c1b1b3b) Importer(815301076,1909f56bfc062723c751e8b465ee728b)
Start importing Assets/Fanaar/Fanaar Assets/1 Tiles/Tile_66.png using Guid(8281d7c7b6cd895409a57a124c1b1b3b) Importer(815301076,1909f56bfc062723c751e8b465ee728b)  -> (artifact id: '7c3d54d625dd5c8caa65355a7e06768a') in 0.015819 seconds 
========================================================================
Received Import Request.
  Time since last request: 0.000036 seconds.
  path: Assets/Fanaar/Fanaar Assets/1 Tiles/Tile_59.png
  artifactKey: Guid(4e740202bd08db24d8285ac77b7cc979) Importer(815301076,1909f56bfc062723c751e8b465ee728b)
Start importing Assets/Fanaar/Fanaar Assets/1 Tiles/Tile_59.png using Guid(4e740202bd08db24d8285ac77b7cc979) Importer(815301076,1909f56bfc062723c751e8b465ee728b)  -> (artifact id: '08aff8002314ce740f2265534de7314b') in 0.015354 seconds 
========================================================================
Received Import Request.
  Time since last request: 0.000021 seconds.
  path: Assets/Fanaar/Fanaar Assets/1 Tiles/Tile_52.png
  artifactKey: Guid(0975e8c829a1985429decf090ddde2b6) Importer(815301076,1909f56bfc062723c751e8b465ee728b)
Start importing Assets/Fanaar/Fanaar Assets/1 Tiles/Tile_52.png using Guid(0975e8c829a1985429decf090ddde2b6) Importer(815301076,1909f56bfc062723c751e8b465ee728b)  -> (artifact id: '563f4a63ac7c78c6035c6e7d3c1a4c22') in 0.017505 seconds 
========================================================================
Received Import Request.
  Time since last request: 0.000020 seconds.
  path: Assets/Fanaar/Fanaar Assets/1 Tiles/Tile_71.png
  artifactKey: Guid(209e211298c97eb4a836741bb5eb4327) Importer(815301076,1909f56bfc062723c751e8b465ee728b)
Start importing Assets/Fanaar/Fanaar Assets/1 Tiles/Tile_71.png using Guid(209e211298c97eb4a836741bb5eb4327) Importer(815301076,1909f56bfc062723c751e8b465ee728b)  -> (artifact id: '955897a6a66234574a4999967d548844') in 0.016682 seconds 
========================================================================
Received Import Request.
  Time since last request: 0.000024 seconds.
  path: Assets/Fanaar/Fanaar Assets/1 Tiles/Tile_65.png
  artifactKey: Guid(6964eede8ae3ed54893c10b55a3ff6a1) Importer(815301076,1909f56bfc062723c751e8b465ee728b)
Start importing Assets/Fanaar/Fanaar Assets/1 Tiles/Tile_65.png using Guid(6964eede8ae3ed54893c10b55a3ff6a1) Importer(815301076,1909f56bfc062723c751e8b465ee728b)  -> (artifact id: '639c1cec19bc64c949b5f97ae5f5c17c') in 0.014976 seconds 
========================================================================
Received Import Request.
  Time since last request: 0.000028 seconds.
  path: Assets/Fanaar/Fanaar Assets/1 Tiles/Tile_68.png
  artifactKey: Guid(b385c88b5082690469c3891058806337) Importer(815301076,1909f56bfc062723c751e8b465ee728b)
Start importing Assets/Fanaar/Fanaar Assets/1 Tiles/Tile_68.png using Guid(b385c88b5082690469c3891058806337) Importer(815301076,1909f56bfc062723c751e8b465ee728b)  -> (artifact id: 'c562fc6347fb50b60d08a36bf69e9e74') in 0.014527 seconds 
========================================================================
Received Import Request.
  Time since last request: 0.000027 seconds.
  path: Assets/Fanaar/Fanaar Assets/1 Tiles/Tile_67.png
  artifactKey: Guid(6c5d1ec797ed73141a8f8c98dcff66b8) Importer(815301076,1909f56bfc062723c751e8b465ee728b)
Start importing Assets/Fanaar/Fanaar Assets/1 Tiles/Tile_67.png using Guid(6c5d1ec797ed73141a8f8c98dcff66b8) Importer(815301076,1909f56bfc062723c751e8b465ee728b)  -> (artifact id: 'd8ec0eab9c4763497309354ea2a21b61') in 0.012415 seconds 
========================================================================
Received Prepare
Registering precompiled user dll's ...
Registered in 0.013352 seconds.
Begin MonoManager ReloadAssembly
Symbol file LoadedFromMemory doesn't match image C:\Users\Fanaar Rashid\Documents\Repositories\Applied Game Design\Applied-Game-Design\Applied-Game-Design\Library\PackageCache\com.unity.visualscripting@1.8.0\Editor\VisualScripting.Core\Dependencies\DotNetZip\Unity.VisualScripting.IonicZip.dll
Symbol file LoadedFromMemory doesn't match image C:\Users\Fanaar Rashid\Documents\Repositories\Applied Game Design\Applied-Game-Design\Applied-Game-Design\Library\PackageCache\com.unity.visualscripting@1.8.0\Editor\VisualScripting.Core\Dependencies\YamlDotNet\Unity.VisualScripting.YamlDotNet.dll
Native extension for WindowsStandalone target not found
Refreshing native plugins compatible for Editor in 1.70 ms, found 4 plugins.
Preloading 0 native plugins for Editor in 0.00 ms.
Mono: successfully reloaded assembly
- Completed reload, in  2.543 seconds
Domain Reload Profiling:
	ReloadAssembly (2544ms)
		BeginReloadAssembly (301ms)
			ExecutionOrderSort (0ms)
			DisableScriptedObjects (8ms)
			BackupInstance (0ms)
			ReleaseScriptingObjects (0ms)
			CreateAndSetChildDomain (64ms)
		EndReloadAssembly (2064ms)
			LoadAssemblies (253ms)
			RebuildTransferFunctionScriptingTraits (0ms)
			SetupTypeCache (795ms)
			ReleaseScriptCaches (2ms)
			RebuildScriptCaches (80ms)
			SetupLoadedEditorAssemblies (927ms)
				LogAssemblyErrors (0ms)
				InitializePlatformSupportModulesInManaged (18ms)
				SetLoadedEditorAssemblies (1ms)
				RefreshPlugins (2ms)
				BeforeProcessingInitializeOnLoad (156ms)
				ProcessInitializeOnLoadAttributes (481ms)
				ProcessInitializeOnLoadMethodAttributes (260ms)
				AfterProcessingInitializeOnLoad (9ms)
				EditorAssembliesLoaded (0ms)
			ExecutionOrderSort2 (0ms)
			AwakeInstancesAfterBackupRestoration (11ms)
Platform modules already initialized, skipping
Refreshing native plugins compatible for Editor in 13.46 ms, found 4 plugins.
Preloading 0 native plugins for Editor in 0.00 ms.
Unloading 6493 Unused Serialized files (Serialized files now loaded: 0)
Unloading 69 unused Assets / (0.8 MB). Loaded Objects now: 7077.
Memory consumption went from 253.0 MB to 252.3 MB.
Total: 13.226300 ms (FindLiveObjects: 0.699400 ms CreateObjectMapping: 0.732800 ms MarkObjects: 11.412100 ms  DeleteObjects: 0.380600 ms)

AssetImportParameters requested are different than current active one (requested -> active):
  custom:video-decoder-ogg-theora: a1e56fd34408186e4bbccfd4996cb3dc -> 
  custom:container-muxer-webm: aa71ff27fc2769a1b78a27578f13a17b -> 
  custom:container-demuxer-webm: 4f35f7cbe854078d1ac9338744f61a02 -> 
  custom:video-encoder-webm-vp8: eb34c28f22e8b96e1ab97ce403110664 -> 
  custom:audio-encoder-webm-vorbis: bf7c407c2cedff20999df2af8eb42d56 -> 
  custom:framework-win-MediaFoundation: 216162199b28c13a410421893ffa2e32 -> 
  custom:container-demuxer-ogg: 62fdf1f143b41e24485cea50d1cbac27 -> 
  custom:video-decoder-webm-vp8: 9c59270c3fd7afecdb556c50c9e8de78 -> 
  custom:audio-decoder-ogg-vorbis: bf7c407c2cedff20999df2af8eb42d56 -> 
========================================================================
Received Prepare
Registering precompiled user dll's ...
Registered in 0.015342 seconds.
Begin MonoManager ReloadAssembly
Symbol file LoadedFromMemory doesn't match image C:\Users\Fanaar Rashid\Documents\Repositories\Applied Game Design\Applied-Game-Design\Applied-Game-Design\Library\PackageCache\com.unity.visualscripting@1.8.0\Editor\VisualScripting.Core\Dependencies\DotNetZip\Unity.VisualScripting.IonicZip.dll
Symbol file LoadedFromMemory doesn't match image C:\Users\Fanaar Rashid\Documents\Repositories\Applied Game Design\Applied-Game-Design\Applied-Game-Design\Library\PackageCache\com.unity.visualscripting@1.8.0\Editor\VisualScripting.Core\Dependencies\YamlDotNet\Unity.VisualScripting.YamlDotNet.dll
Native extension for WindowsStandalone target not found
Refreshing native plugins compatible for Editor in 4.17 ms, found 4 plugins.
Preloading 0 native plugins for Editor in 0.00 ms.
Mono: successfully reloaded assembly
- Completed reload, in  3.700 seconds
Domain Reload Profiling:
	ReloadAssembly (3701ms)
		BeginReloadAssembly (356ms)
			ExecutionOrderSort (0ms)
			DisableScriptedObjects (13ms)
			BackupInstance (0ms)
			ReleaseScriptingObjects (1ms)
			CreateAndSetChildDomain (163ms)
		EndReloadAssembly (3127ms)
			LoadAssemblies (221ms)
			RebuildTransferFunctionScriptingTraits (0ms)
			SetupTypeCache (1185ms)
			ReleaseScriptCaches (3ms)
			RebuildScriptCaches (193ms)
			SetupLoadedEditorAssemblies (1319ms)
				LogAssemblyErrors (0ms)
				InitializePlatformSupportModulesInManaged (30ms)
				SetLoadedEditorAssemblies (2ms)
				RefreshPlugins (4ms)
				BeforeProcessingInitializeOnLoad (240ms)
				ProcessInitializeOnLoadAttributes (677ms)
				ProcessInitializeOnLoadMethodAttributes (352ms)
				AfterProcessingInitializeOnLoad (14ms)
				EditorAssembliesLoaded (0ms)
			ExecutionOrderSort2 (0ms)
			AwakeInstancesAfterBackupRestoration (19ms)
Platform modules already initialized, skipping
Refreshing native plugins compatible for Editor in 16.56 ms, found 4 plugins.
Preloading 0 native plugins for Editor in 0.00 ms.
Unloading 6493 Unused Serialized files (Serialized files now loaded: 0)
Unloading 69 unused Assets / (0.8 MB). Loaded Objects now: 7092.
Memory consumption went from 253.0 MB to 252.3 MB.
Total: 11.242300 ms (FindLiveObjects: 0.524000 ms CreateObjectMapping: 0.516900 ms MarkObjects: 8.636000 ms  DeleteObjects: 1.563900 ms)

AssetImportParameters requested are different than current active one (requested -> active):
  custom:video-decoder-ogg-theora: a1e56fd34408186e4bbccfd4996cb3dc -> 
  custom:container-muxer-webm: aa71ff27fc2769a1b78a27578f13a17b -> 
  custom:container-demuxer-webm: 4f35f7cbe854078d1ac9338744f61a02 -> 
  custom:video-encoder-webm-vp8: eb34c28f22e8b96e1ab97ce403110664 -> 
  custom:audio-encoder-webm-vorbis: bf7c407c2cedff20999df2af8eb42d56 -> 
  custom:framework-win-MediaFoundation: 216162199b28c13a410421893ffa2e32 -> 
  custom:container-demuxer-ogg: 62fdf1f143b41e24485cea50d1cbac27 -> 
  custom:video-decoder-webm-vp8: 9c59270c3fd7afecdb556c50c9e8de78 -> 
  custom:audio-decoder-ogg-vorbis: bf7c407c2cedff20999df2af8eb42d56 -> 
